<?xml version="1.0" encoding="UTF-8"?>
<!-- Generated by org.testng.reporters.JUnitReportReporter -->
<testsuite hostname="Lenovo-IP3-Ci3-New-256SSD-1TB" failures="0" tests="3" name="org.parellelcross.Parellel_Practice2" time="12.487" errors="0" timestamp="2024-05-30T22:01:27 IST" skipped="0">
  <testcase classname="org.parellelcross.Parellel_Practice2" name="loginSaucedemo2" time="5.682"/>
  <testcase classname="org.parellelcross.Parellel_Practice2" name="Saucedemo3" time="4.045"/>
  <testcase classname="org.parellelcross.Parellel_Practice2" name="loginSaucedemo" time="2.760"/>
</testsuite> <!-- org.parellelcross.Parellel_Practice2 -->
